<?xml version="1.0" encoding="UTF-8"?>
<!-- Generated by org.testng.reporters.JUnitReportReporter -->
<testsuite hostname="DESKTOP-G594RF8" failures="0" tests="2" name="com.testRCBTeam.Test1" time="0.029" errors="0" timestamp="2022-07-21T23:27:17 IST" skipped="0">
  <testcase classname="com.testRCBTeam.Test1" name="only4ForeignPlayers" time="0.008"/>
  <system-out/>
  <testcase classname="com.testRCBTeam.Test1" name="atLeastOneWicketKeeper" time="0.021"/>
  <system-out/>
</testsuite> <!-- com.testRCBTeam.Test1 -->
