<?xml version="1.0" encoding="UTF-8"?>
<!-- Generated by org.testng.reporters.JUnitReportReporter -->
<testsuite hostname="DESKTOP-G594RF8" failures="0" tests="1" name="com.testRCBTeam.RCBTeam" time="0.043" errors="0" timestamp="2022-07-21T23:02:31 IST" skipped="0">
  <testcase classname="com.testRCBTeam.RCBTeam" name="foreignPlayers" time="0.043"/>
  <system-out/>
</testsuite> <!-- com.testRCBTeam.RCBTeam -->
