<?xml version="1.0" encoding="UTF-8"?>
<!-- Generated by org.testng.reporters.JUnitReportReporter -->
<testsuite hostname="DESKTOP-G594RF8" failures="0" tests="1" name="com.testRCBTeam.JsonReader" time="0.013" errors="0" timestamp="2022-07-18T01:43:13 IST" skipped="0">
  <testcase classname="com.testRCBTeam.JsonReader" name="JsonData" time="0.013"/>
  <system-out/>
</testsuite> <!-- com.testRCBTeam.JsonReader -->
