<?xml version="1.0" encoding="UTF-8"?>
<!-- Generated by org.testng.reporters.JUnitReportReporter -->
<testsuite hostname="DESKTOP-G594RF8" failures="0" tests="11" name="rcbTeam.RCB_TeamPlayers" time="0.049" errors="0" timestamp="2022-07-17T19:03:16 IST" skipped="0">
  <testcase classname="rcbTeam.RCB_TeamPlayers" name="foreignplayers" time="0.003"/>
  <system-out/>
  <testcase classname="rcbTeam.RCB_TeamPlayers" name="foreignplayers" time="0.004"/>
  <system-out/>
  <testcase classname="rcbTeam.RCB_TeamPlayers" name="foreignplayers" time="0.004"/>
  <system-out/>
  <testcase classname="rcbTeam.RCB_TeamPlayers" name="foreignplayers" time="0.005"/>
  <system-out/>
  <testcase classname="rcbTeam.RCB_TeamPlayers" name="foreignplayers" time="0.003"/>
  <system-out/>
  <testcase classname="rcbTeam.RCB_TeamPlayers" name="foreignplayers" time="0.013"/>
  <system-out/>
  <testcase classname="rcbTeam.RCB_TeamPlayers" name="foreignplayers" time="0.002"/>
  <system-out/>
  <testcase classname="rcbTeam.RCB_TeamPlayers" name="foreignplayers" time="0.003"/>
  <system-out/>
  <testcase classname="rcbTeam.RCB_TeamPlayers" name="foreignplayers" time="0.003"/>
  <system-out/>
  <testcase classname="rcbTeam.RCB_TeamPlayers" name="foreignplayers" time="0.004"/>
  <system-out/>
  <testcase classname="rcbTeam.RCB_TeamPlayers" name="foreignplayers" time="0.005"/>
  <system-out/>
</testsuite> <!-- rcbTeam.RCB_TeamPlayers -->
